<?xml version="1.0" encoding="UTF-8"?>
<testng-results skipped="0" failed="0" ignored="0" total="1" passed="1">
  <reporter-output>
  </reporter-output>
  <suite name="Suite" duration-ms="21300" started-at="2021-12-04T16:05:07Z" finished-at="2021-12-04T16:05:28Z">
    <groups>
    </groups>
    <test name="Test" duration-ms="21300" started-at="2021-12-04T16:05:07Z" finished-at="2021-12-04T16:05:28Z">
      <class name="Selenium.TestCase01">
        <test-method status="PASS" signature="Script()[pri:0, instance:Selenium.TestCase01@23282c25]" name="Script" duration-ms="21257" started-at="2021-12-04T21:35:07Z" finished-at="2021-12-04T21:35:28Z">
          <reporter-output>
          </reporter-output>
        </test-method> <!-- Script -->
      </class> <!-- Selenium.TestCase01 -->
    </test> <!-- Test -->
  </suite> <!-- Suite -->
</testng-results>
