<?xml version="1.0" encoding="UTF-8"?>
<!-- Generated by org.testng.reporters.JUnitXMLReporter -->
<testsuite ignored="2" hostname="Piyush-PC" failures="0" tests="1" name="groupintest" time="0.072" errors="0" timestamp="2021-10-25T13:51:58 IST">
  <testcase classname="Java.TestData" name="a" time="0.011"/>
  <testcase classname="Java.TestData" name="c" time="0.0">
    <ignored/>
  </testcase> <!-- c -->
  <testcase classname="Java.TestData" name="b" time="0.0">
    <ignored/>
  </testcase> <!-- b -->
</testsuite> <!-- groupintest -->
